zxing-android-app/build/outputs/logs/manifest-merger-debug-report.txt
-- Merging decision tree log ---
manifest
ADDED from src\main\AndroidManifest.xml:17:1-199:12
	xmlns:android
		ADDED from src\main\AndroidManifest.xml:17:11-69
	package
		ADDED from src\main\AndroidManifest.xml:18:11-52
		INJECTED from src\main\AndroidManifest.xml
		INJECTED from src\main\AndroidManifest.xml
	android:versionName
		ADDED from src\main\AndroidManifest.xml:21:11-38
		INJECTED from src\main\AndroidManifest.xml
		INJECTED from src\main\AndroidManifest.xml
	android:versionCode
		ADDED from src\main\AndroidManifest.xml:20:11-36
		INJECTED from src\main\AndroidManifest.xml
		INJECTED from src\main\AndroidManifest.xml
	android:installLocation
		ADDED from src\main\AndroidManifest.xml:19:11-41
uses-permission#android.permission.CAMERA
ADDED from src\main\AndroidManifest.xml:23:5-64
	android:name
		ADDED from src\main\AndroidManifest.xml:23:22-62
uses-permission#android.permission.INTERNET
ADDED from src\main\AndroidManifest.xml:24:5-66
	android:name
		ADDED from src\main\AndroidManifest.xml:24:22-64
uses-permission#android.permission.VIBRATE
ADDED from src\main\AndroidManifest.xml:25:5-65
	android:name
		ADDED from src\main\AndroidManifest.xml:25:22-63
uses-permission#android.permission.FLASHLIGHT
ADDED from src\main\AndroidManifest.xml:26:5-68
	android:name
		ADDED from src\main\AndroidManifest.xml:26:22-66
uses-permission#android.permission.READ_CONTACTS
ADDED from src\main\AndroidManifest.xml:27:5-71
	android:name
		ADDED from src\main\AndroidManifest.xml:27:22-69
uses-permission#com.android.browser.permission.READ_HISTORY_BOOKMARKS
ADDED from src\main\AndroidManifest.xml:29:5-92
	android:name
		ADDED from src\main\AndroidManifest.xml:29:22-90
uses-permission#android.permission.WRITE_EXTERNAL_STORAGE
ADDED from src\main\AndroidManifest.xml:30:5-80
	android:name
		ADDED from src\main\AndroidManifest.xml:30:22-78
uses-permission#android.permission.CHANGE_WIFI_STATE
ADDED from src\main\AndroidManifest.xml:31:5-75
	android:name
		ADDED from src\main\AndroidManifest.xml:31:22-73
uses-permission#android.permission.ACCESS_WIFI_STATE
ADDED from src\main\AndroidManifest.xml:32:5-75
	android:name
		ADDED from src\main\AndroidManifest.xml:32:22-73
uses-sdk
ADDED from src\main\AndroidManifest.xml:34:5-36:40
	android:targetSdkVersion
		ADDED from src\main\AndroidManifest.xml:36:9-38
		INJECTED from src\main\AndroidManifest.xml
		INJECTED from src\main\AndroidManifest.xml
	android:minSdkVersion
		ADDED from src\main\AndroidManifest.xml:35:9-35
		INJECTED from src\main\AndroidManifest.xml
		INJECTED from src\main\AndroidManifest.xml
uses-feature#android.hardware.camera
ADDED from src\main\AndroidManifest.xml:39:5-41:35
	android:required
		ADDED from src\main\AndroidManifest.xml:41:9-33
	android:name
		ADDED from src\main\AndroidManifest.xml:40:9-47
uses-feature#android.hardware.camera.front
ADDED from src\main\AndroidManifest.xml:42:5-44:35
	android:required
		ADDED from src\main\AndroidManifest.xml:44:9-33
	android:name
		ADDED from src\main\AndroidManifest.xml:43:9-53
uses-feature#android.hardware.camera.autofocus
ADDED from src\main\AndroidManifest.xml:47:5-49:35
	android:required
		ADDED from src\main\AndroidManifest.xml:49:9-33
	android:name
		ADDED from src\main\AndroidManifest.xml:48:9-57
uses-feature#android.hardware.camera.flash
ADDED from src\main\AndroidManifest.xml:50:5-52:35
	android:required
		ADDED from src\main\AndroidManifest.xml:52:9-33
	android:name
		ADDED from src\main\AndroidManifest.xml:51:9-53
uses-feature#android.hardware.screen.landscape
ADDED from src\main\AndroidManifest.xml:53:5-69
	android:name
		ADDED from src\main\AndroidManifest.xml:53:19-67
uses-feature#android.hardware.wifi
ADDED from src\main\AndroidManifest.xml:54:5-56:35
	android:required
		ADDED from src\main\AndroidManifest.xml:56:9-33
	android:name
		ADDED from src\main\AndroidManifest.xml:55:9-45
uses-feature#android.hardware.touchscreen
ADDED from src\main\AndroidManifest.xml:58:5-64
	android:name
		ADDED from src\main\AndroidManifest.xml:58:19-62
supports-screens
ADDED from src\main\AndroidManifest.xml:61:5-66:39
	android:largeScreens
		ADDED from src\main\AndroidManifest.xml:63:9-36
	android:anyDensity
		ADDED from src\main\AndroidManifest.xml:62:9-34
	android:normalScreens
		ADDED from src\main\AndroidManifest.xml:64:9-37
	android:xlargeScreens
		ADDED from src\main\AndroidManifest.xml:66:9-37
	android:smallScreens
		ADDED from src\main\AndroidManifest.xml:65:9-36
application
ADDED from src\main\AndroidManifest.xml:68:5-197:19
	android:label
		ADDED from src\main\AndroidManifest.xml:71:9-41
	android:allowBackup
		ADDED from src\main\AndroidManifest.xml:69:9-35
	android:icon
		ADDED from src\main\AndroidManifest.xml:70:9-47
	android:logo
		ADDED from src\main\AndroidManifest.xml:72:9-47
activity#com.google.zxing.client.android.CaptureActivity
ADDED from src\main\AndroidManifest.xml:73:9-136:20
	android:windowSoftInputMode
		ADDED from src\main\AndroidManifest.xml:79:13-60
	android:screenOrientation
		ADDED from src\main\AndroidManifest.xml:76:13-55
	android:theme
		ADDED from src\main\AndroidManifest.xml:78:13-48
	android:stateNotNeeded
		ADDED from src\main\AndroidManifest.xml:77:13-42
	android:clearTaskOnLaunch
		ADDED from src\main\AndroidManifest.xml:75:13-45
	android:name
		ADDED from src\main\AndroidManifest.xml:74:13-44
intent-filter#android.intent.action.MAIN+android.intent.category.LAUNCHER
ADDED from src\main\AndroidManifest.xml:80:13-83:29
action#android.intent.action.MAIN
ADDED from src\main\AndroidManifest.xml:81:17-68
	android:name
		ADDED from src\main\AndroidManifest.xml:81:25-66
category#android.intent.category.LAUNCHER
ADDED from src\main\AndroidManifest.xml:82:17-76
	android:name
		ADDED from src\main\AndroidManifest.xml:82:27-74
intent-filter#android.intent.category.DEFAULT+com.google.zxing.client.android.SCAN
ADDED from src\main\AndroidManifest.xml:84:13-87:29
action#com.google.zxing.client.android.SCAN
ADDED from src\main\AndroidManifest.xml:85:17-78
	android:name
		ADDED from src\main\AndroidManifest.xml:85:25-76
category#android.intent.category.DEFAULT
ADDED from src\main\AndroidManifest.xml:86:17-75
	android:name
		ADDED from src\main\AndroidManifest.xml:86:27-73
intent-filter#android.intent.action.VIEW+android.intent.category.BROWSABLE+android.intent.category.DEFAULT
ADDED from src\main\AndroidManifest.xml:89:13-99:29
action#android.intent.action.VIEW
ADDED from src\main\AndroidManifest.xml:90:17-68
	android:name
		ADDED from src\main\AndroidManifest.xml:90:25-66
category#android.intent.category.BROWSABLE
ADDED from src\main\AndroidManifest.xml:93:17-77
	android:name
		ADDED from src\main\AndroidManifest.xml:93:27-75
data
ADDED from src\main\AndroidManifest.xml:95:17-98:44
	android:host
		ADDED from src\main\AndroidManifest.xml:96:21-53
	android:path
		ADDED from src\main\AndroidManifest.xml:97:21-41
	android:scheme
		ADDED from src\main\AndroidManifest.xml:98:21-42
activity#com.google.zxing.client.android.PreferencesActivity
ADDED from src\main\AndroidManifest.xml:137:9-140:44
	android:label
		ADDED from src\main\AndroidManifest.xml:139:13-53
	android:stateNotNeeded
		ADDED from src\main\AndroidManifest.xml:140:13-42
	android:name
		ADDED from src\main\AndroidManifest.xml:138:13-48
activity#com.google.zxing.client.android.encode.EncodeActivity
ADDED from src\main\AndroidManifest.xml:141:9-160:20
	android:stateNotNeeded
		ADDED from src\main\AndroidManifest.xml:143:13-42
	android:name
		ADDED from src\main\AndroidManifest.xml:142:13-50
intent-filter#android.intent.category.DEFAULT+com.google.zxing.client.android.ENCODE
ADDED from src\main\AndroidManifest.xml:144:13-147:29
action#com.google.zxing.client.android.ENCODE
ADDED from src\main\AndroidManifest.xml:145:17-80
	android:name
		ADDED from src\main\AndroidManifest.xml:145:25-78
intent-filter#android.intent.action.SEND+android.intent.category.DEFAULT
ADDED from src\main\AndroidManifest.xml:149:13-153:29
action#android.intent.action.SEND
ADDED from src\main\AndroidManifest.xml:150:17-68
	android:name
		ADDED from src\main\AndroidManifest.xml:150:25-66
activity#com.google.zxing.client.android.book.SearchBookContentsActivity
ADDED from src\main\AndroidManifest.xml:161:9-170:20
	android:screenOrientation
		ADDED from src\main\AndroidManifest.xml:164:13-56
	android:label
		ADDED from src\main\AndroidManifest.xml:163:13-45
	android:stateNotNeeded
		ADDED from src\main\AndroidManifest.xml:165:13-42
	android:name
		ADDED from src\main\AndroidManifest.xml:162:13-60
intent-filter#android.intent.category.DEFAULT+com.google.zxing.client.android.SEARCH_BOOK_CONTENTS
ADDED from src\main\AndroidManifest.xml:166:13-169:29
action#com.google.zxing.client.android.SEARCH_BOOK_CONTENTS
ADDED from src\main\AndroidManifest.xml:167:17-94
	android:name
		ADDED from src\main\AndroidManifest.xml:167:25-92
activity#com.google.zxing.client.android.share.ShareActivity
ADDED from src\main\AndroidManifest.xml:171:9-179:20
	android:screenOrientation
		ADDED from src\main\AndroidManifest.xml:173:13-45
	android:stateNotNeeded
		ADDED from src\main\AndroidManifest.xml:174:13-42
	android:name
		ADDED from src\main\AndroidManifest.xml:172:13-48
intent-filter#android.intent.category.DEFAULT+com.google.zxing.client.android.SHARE
ADDED from src\main\AndroidManifest.xml:175:13-178:29
action#com.google.zxing.client.android.SHARE
ADDED from src\main\AndroidManifest.xml:176:17-79
	android:name
		ADDED from src\main\AndroidManifest.xml:176:25-77
activity#com.google.zxing.client.android.history.HistoryActivity
ADDED from src\main\AndroidManifest.xml:180:9-183:44
	android:label
		ADDED from src\main\AndroidManifest.xml:182:13-50
	android:stateNotNeeded
		ADDED from src\main\AndroidManifest.xml:183:13-42
	android:name
		ADDED from src\main\AndroidManifest.xml:181:13-52
activity#com.google.zxing.client.android.share.BookmarkPickerActivity
ADDED from src\main\AndroidManifest.xml:184:9-187:44
	android:label
		ADDED from src\main\AndroidManifest.xml:186:13-57
	android:stateNotNeeded
		ADDED from src\main\AndroidManifest.xml:187:13-42
	android:name
		ADDED from src\main\AndroidManifest.xml:185:13-57
activity#com.google.zxing.client.android.share.AppPickerActivity
ADDED from src\main\AndroidManifest.xml:188:9-191:44
	android:label
		ADDED from src\main\AndroidManifest.xml:190:13-52
	android:stateNotNeeded
		ADDED from src\main\AndroidManifest.xml:191:13-42
	android:name
		ADDED from src\main\AndroidManifest.xml:189:13-52
activity#com.google.zxing.client.android.HelpActivity
ADDED from src\main\AndroidManifest.xml:192:9-196:44
	android:screenOrientation
		ADDED from src\main\AndroidManifest.xml:195:13-45
	android:label
		ADDED from src\main\AndroidManifest.xml:194:13-46
	android:stateNotNeeded
		ADDED from src\main\AndroidManifest.xml:196:13-42
	android:name
		ADDED from src\main\AndroidManifest.xml:193:13-41